c:\users\ben\desktop\vsprojects\eziohook\eziohook\release\vc143.pdb
c:\users\ben\desktop\vsprojects\eziohook\eziohook\release\source.obj
c:\users\ben\desktop\vsprojects\eziohook\eziohook\release\sharedbools.obj
c:\users\ben\desktop\vsprojects\eziohook\eziohook\release\minhookhooks.obj
c:\users\ben\desktop\vsprojects\eziohook\eziohook\release\eziohookacrmenu.obj
c:\users\ben\desktop\vsprojects\eziohook\eziohook\release\eziohookacbmenu.obj
c:\users\ben\desktop\vsprojects\eziohook\eziohook\release\eziohookac2menu.obj
c:\users\ben\desktop\vsprojects\eziohook\eziohook\release\directinput8create.obj
c:\users\ben\desktop\vsprojects\eziohook\eziohook\release\eziohookcredits.obj
c:\users\ben\desktop\vsprojects\eziohook\eziohook\release\console.obj
c:\users\ben\desktop\vsprojects\eziohook\eziohook\release\imgui_widgets.obj
c:\users\ben\desktop\vsprojects\eziohook\eziohook\release\imgui_tables.obj
c:\users\ben\desktop\vsprojects\eziohook\eziohook\release\imgui_impl_win32.obj
c:\users\ben\desktop\vsprojects\eziohook\eziohook\release\imgui_impl_dx9.obj
c:\users\ben\desktop\vsprojects\eziohook\eziohook\release\imgui_draw.obj
c:\users\ben\desktop\vsprojects\eziohook\eziohook\release\imgui_demo.obj
c:\users\ben\desktop\vsprojects\eziohook\eziohook\release\imgui.obj
c:\users\ben\desktop\vsprojects\eziohook\eziohook\release\trampoline.obj
c:\users\ben\desktop\vsprojects\eziohook\eziohook\release\hook.obj
c:\users\ben\desktop\vsprojects\eziohook\eziohook\release\hde64.obj
c:\users\ben\desktop\vsprojects\eziohook\eziohook\release\hde32.obj
c:\users\ben\desktop\vsprojects\eziohook\eziohook\release\buffer.obj
c:\users\ben\desktop\vsprojects\eziohook\release\dinput8.dll
c:\users\ben\desktop\vsprojects\eziohook\eziohook\release\dinput8.ipdb
c:\users\ben\desktop\vsprojects\eziohook\eziohook\release\dinput8.iobj
c:\users\ben\desktop\vsprojects\eziohook\release\dinput8.pdb
c:\users\ben\desktop\vsprojects\eziohook\release\dinput8.lib
c:\users\ben\desktop\vsprojects\eziohook\release\dinput8.exp
c:\users\ben\desktop\vsprojects\eziohook\eziohook\release\eziohook.tlog\cl.command.1.tlog
c:\users\ben\desktop\vsprojects\eziohook\eziohook\release\eziohook.tlog\cl.read.1.tlog
c:\users\ben\desktop\vsprojects\eziohook\eziohook\release\eziohook.tlog\cl.write.1.tlog
c:\users\ben\desktop\vsprojects\eziohook\eziohook\release\eziohook.tlog\link.command.1.tlog
c:\users\ben\desktop\vsprojects\eziohook\eziohook\release\eziohook.tlog\link.read.1.tlog
c:\users\ben\desktop\vsprojects\eziohook\eziohook\release\eziohook.tlog\link.write.1.tlog
c:\users\ben\desktop\vsprojects\eziohook\eziohook\release\eziohook.tlog\link.write.2u.tlog
